ERROR:root:FIXME: Unimplemented - put('list', 'A sequence of things - created using []')
ERROR:root:FIXME: Unimplemented - get('list')
INFO:root:Constructing parser
INFO:root:Constructing parser
INFO:root:Constructing parser
DEBUG:root:Constructing put subparser
INFO:root:Constructing parser
INFO:root:Constructing parser
DEBUG:root:Constructing put subparser
INFO:root:Constructing parser
DEBUG:root:Constructing put subparser
INFO:root:Constructing parser
INFO:root:Constructing parser
DEBUG:root:Constructing put subparser
INFO:root:Constructing parser
INFO:root:Constructing parser
INFO:root:Constructing parser
INFO:root:Constructing parser
INFO:root:Constructing parser
INFO:root:Constructing parser
INFO:root:Constructing parser
DEBUG:root:Constructing put subparser
INFO:root:Constructing parser
DEBUG:root:Constructing put subparser
INFO:root:Constructing parser
DEBUG:root:Constructing put subparser
DEBUG:root:Constructing Get subparser
INFO:root:Constructing parser
DEBUG:root:Constructing put subparser
DEBUG:root:Constructing Get subparser
INFO:root:Constructing parser
DEBUG:root:Constructing put subparser
DEBUG:root:Constructing Get subparser
INFO:root:Constructing parser
DEBUG:root:Constructing put subparser
DEBUG:root:Constructing Get subparser
ERROR:root:FIXME: Unimplemented - get('foo')
INFO:root:Constructing parser
DEBUG:root:Constructing put subparser
DEBUG:root:Constructing Get subparser
ERROR:root:FIXME: Unimplemented - put('foo', 'bar')
INFO:root:Constructing parser
DEBUG:root:Constructing put subparser
DEBUG:root:Constructing Get subparser
ERROR:root:FIXME: Unimplemented - get('foo')
INFO:root:Constructing parser
DEBUG:root:Constructing put subparser
DEBUG:root:Constructing Get subparser
ERROR:root:FIXME: Unimplemented - get('bar')
INFO:root:Constructing parser
DEBUG:root:Constructing put subparser
DEBUG:root:Constructing Get subparser
ERROR:root:FIXME: Unimplemented - put('foo', 'bar')
INFO:root:Constructing parser
DEBUG:root:Constructing put subparser
DEBUG:root:Constructing Get subparser
ERROR:root:FIXME: Unimplemented - get('bar')
INFO:root:Constructing parser
DEBUG:root:Constructing put subparser
DEBUG:root:Constructing Get subparser
ERROR:root:FIXME: Unimplemented - get('foo')
INFO:root:Constructing parser
DEBUG:root:Constructing put subparser
DEBUG:root:Constructing Get subparser
ERROR:root:FIXME: Unimplemented - put('foo', 'bar')
INFO:root:Constructing parser
DEBUG:root:Constructing put subparser
DEBUG:root:Constructing Get subparser
ERROR:root:FIXME: Unimplemented - get('foo')
INFO:root:Constructing parser
DEBUG:root:Constructing put subparser
DEBUG:root:Constructing Get subparser
ERROR:root:FIXME: Unimplemented - put('foo', 'bar')
INFO:root:Constructing parser
DEBUG:root:Constructing put subparser
DEBUG:root:Constructing Get subparser
ERROR:root:FIXME: Unimplemented - get('foo')
INFO:root:Constructing parser
DEBUG:root:Constructing put subparser
DEBUG:root:Constructing Get subparser
ERROR:root:FIXME: Unimplemented - put('foo', 'bar')
INFO:root:Constructing parser
DEBUG:root:Constructing put subparser
DEBUG:root:Constructing Get subparser
ERROR:root:FIXME: Unimplemented - get('bar')
INFO:root:Constructing parser
DEBUG:root:Constructing put subparser
DEBUG:root:Constructing Get subparser
ERROR:root:FIXME: Unimplemented - get('foo')
INFO:root:Constructing parser
INFO:root:Constructing parser
INFO:root:Constructing parser
DEBUG:root:Constructing put subparser
INFO:root:Constructing parser
DEBUG:root:Constructing put subparser
DEBUG:root:Constructing Get subparser
ERROR:root:FIXME: Unimplemented - put('foo', 'bar')
INFO:root:Constructing parser
DEBUG:root:Constructing put subparser
INFO:root:Constructing parser
DEBUG:root:Constructing put subparser
DEBUG:root:Constructing Get subparser
ERROR:root:FIXME: Unimplemented - put('foo', 'bar')
INFO:root:Constructing parser
DEBUG:root:Constructing put subparser
INFO:root:Constructing parser
DEBUG:root:Constructing put subparser
DEBUG:root:Constructing Get subparser
ERROR:root:FIXME: Unimplemented - put('foo', 'bar')
INFO:root:Constructing parser
DEBUG:root:Constructing put subparser
INFO:root:Constructing parser
INFO:root:Constructing parser
INFO:root:Constructing parser
DEBUG:root:Constructing put subparser
DEBUG:root:Constructing Get subparser
ERROR:root:FIXME: Unimplemented - put('test', 'me')
INFO:root:Constructing parser
DEBUG:root:Constructing put subparser
INFO:root:Constructing parser
DEBUG:root:Constructing put subparser
DEBUG:root:Constructing Get subparser
ERROR:root:FIXME: Unimplemented - put('test', 'me')
INFO:root:Constructing parser
DEBUG:root:Constructing put subparser
INFO:root:Constructing parser
DEBUG:root:Constructing put subparser
DEBUG:root:Constructing Get subparser
ERROR:root:FIXME: Unimplemented - put('test', 'me')
INFO:root:Constructing parser
DEBUG:root:Constructing put subparser
DEBUG:root:Constructing Get subparser
ERROR:root:FIXME: Unimplemented - get('test')
INFO:root:Constructing parser
INFO:root:Constructing parser
INFO:root:Constructing parser
INFO:root:Constructing parser
DEBUG:root:Constructing put subparser
DEBUG:root:Constructing Get subparser
ERROR:root:FIXME: Unimplemented - put('foo', 'bar')
INFO:root:Constructing parser
DEBUG:root:Constructing put subparser
DEBUG:root:Constructing Get subparser
ERROR:root:FIXME: Unimplemented - get('foo')
INFO:root:Constructing parser
DEBUG:root:Constructing put subparser
DEBUG:root:Constructing Get subparser
ERROR:root:FIXME: Unimplemented - get('bar')
INFO:root:Constructing parser
DEBUG:root:Constructing put subparser
DEBUG:root:Constructing Get subparser
ERROR:root:FIXME: Unimplemented - get('bar')
INFO:root:Constructing parser
DEBUG:root:Constructing put subparser
DEBUG:root:Constructing Get subparser
ERROR:root:FIXME: Unimplemented - get('bar')
INFO:root:Constructing parser
DEBUG:root:Constructing put subparser
DEBUG:root:Constructing Get subparser
ERROR:root:FIXME: Unimplemented - put('foo', 'bar')
INFO:root:Constructing parser
DEBUG:root:Constructing put subparser
DEBUG:root:Constructing Get subparser
ERROR:root:FIXME: Unimplemented - get('bar')
DEBUG:root:Connecting to PostgreSQL
DEBUG:root:Database connection established.
INFO:root:Constructing parser
DEBUG:root:Constructing put subparser
DEBUG:root:Constructing Get subparser
DEBUG:root:Connecting to PostgreSQL
DEBUG:root:Database connection established.
INFO:root:Constructing parser
DEBUG:root:Constructing put subparser
DEBUG:root:Constructing Get subparser
DEBUG:root:Connecting to PostgreSQL
DEBUG:root:Database connection established.
INFO:root:Constructing parser
DEBUG:root:Constructing put subparser
DEBUG:root:Constructing Get subparser
ERROR:root:FIXME: Unimplemented - put('big', 'dog')
DEBUG:root:Connecting to PostgreSQL
DEBUG:root:Database connection established.
INFO:root:Constructing parser
DEBUG:root:Constructing put subparser
DEBUG:root:Constructing Get subparser
ERROR:root:FIXME: Unimplemented - get('dog')
DEBUG:root:Connecting to PostgreSQL
DEBUG:root:Database connection established.
INFO:root:Constructing parser
DEBUG:root:Constructing put subparser
DEBUG:root:Constructing Get subparser
ERROR:root:FIXME: Unimplemented - get('big')
DEBUG:root:Connecting to PostgreSQL
DEBUG:root:Database connection established.
INFO:root:Constructing parser
DEBUG:root:Constructing put subparser
DEBUG:root:Constructing Get subparser
INFO:root:Storing snippet 'Test': 'This is a test snippet'
DEBUG:root:Snippet stored successfully.
DEBUG:root:Connecting to PostgreSQL
DEBUG:root:Database connection established.
INFO:root:Constructing parser
DEBUG:root:Constructing put subparser
DEBUG:root:Constructing Get subparser
DEBUG:root:Connecting to PostgreSQL
DEBUG:root:Database connection established.
INFO:root:Constructing parser
DEBUG:root:Constructing put subparser
DEBUG:root:Constructing Get subparser
INFO:root:Storing snippet 'test2': 'testing2'
DEBUG:root:Snippet stored successfully.
DEBUG:root:Connecting to PostgreSQL
DEBUG:root:Database connection established.
INFO:root:Constructing parser
DEBUG:root:Constructing put subparser
DEBUG:root:Constructing Get subparser
INFO:root:Getting snippet 'test2'
DEBUG:root:Connecting to PostgreSQL
DEBUG:root:Database connection established.
INFO:root:Constructing parser
DEBUG:root:Constructing put subparser
DEBUG:root:Constructing Get subparser
INFO:root:Getting snippet 'test2'
DEBUG:root:Connecting to PostgreSQL
DEBUG:root:Database connection established.
INFO:root:Constructing parser
DEBUG:root:Constructing put subparser
DEBUG:root:Constructing Get subparser
INFO:root:Storing snippet 'test2': 'testing2'
DEBUG:root:Connecting to PostgreSQL
DEBUG:root:Database connection established.
INFO:root:Constructing parser
DEBUG:root:Constructing put subparser
DEBUG:root:Constructing Get subparser
INFO:root:Getting snippet for 'test2'
DEBUG:root:Connecting to PostgreSQL
DEBUG:root:Database connection established.
INFO:root:Constructing parser
DEBUG:root:Constructing put subparser
DEBUG:root:Constructing Get subparser
INFO:root:Getting snippet for 'test2'
DEBUG:root:Connecting to PostgreSQL
DEBUG:root:Database connection established.
DEBUG:root:Connecting to PostgreSQL
DEBUG:root:Database connection established.
INFO:root:Constructing parser
DEBUG:root:Constructing put subparser
DEBUG:root:Constructing Get subparser
INFO:root:Getting snippet for 'test2'
DEBUG:root:Connecting to PostgreSQL
DEBUG:root:Database connection established.
INFO:root:Constructing parser
DEBUG:root:Constructing put subparser
DEBUG:root:Constructing Get subparser
INFO:root:Getting snippet for 'test2'
DEBUG:root:Connecting to PostgreSQL
DEBUG:root:Database connection established.
INFO:root:Constructing parser
DEBUG:root:Constructing put subparser
DEBUG:root:Constructing Get subparser
INFO:root:Getting snippet for 'test2'
DEBUG:root:Snippet stored successfully.
DEBUG:root:Connecting to PostgreSQL
DEBUG:root:Database connection established.
INFO:root:Constructing parser
DEBUG:root:Constructing put subparser
DEBUG:root:Constructing Get subparser
INFO:root:Getting snippet for 'test2'
DEBUG:root:Connecting to PostgreSQL
DEBUG:root:Database connection established.
INFO:root:Constructing parser
DEBUG:root:Constructing put subparser
DEBUG:root:Constructing Get subparser
INFO:root:Getting snippet for 'test2'
DEBUG:root:Connecting to PostgreSQL
DEBUG:root:Database connection established.
INFO:root:Constructing parser
DEBUG:root:Constructing put subparser
DEBUG:root:Constructing Get subparser
INFO:root:Getting snippet for 'test2'
DEBUG:root:Connecting to PostgreSQL
DEBUG:root:Database connection established.
INFO:root:Constructing parser
DEBUG:root:Constructing put subparser
DEBUG:root:Constructing Get subparser
INFO:root:Getting snippet for 'test2'
DEBUG:root:Connecting to PostgreSQL
DEBUG:root:Database connection established.
INFO:root:Constructing parser
DEBUG:root:Constructing put subparser
DEBUG:root:Constructing Get subparser
INFO:root:Getting snippet for 'test2'
DEBUG:root:Connecting to PostgreSQL
DEBUG:root:Database connection established.
INFO:root:Constructing parser
DEBUG:root:Constructing put subparser
DEBUG:root:Constructing Get subparser
INFO:root:Getting snippet for 'test2'
DEBUG:root:Snippet stored successfully.
DEBUG:root:Connecting to PostgreSQL
DEBUG:root:Database connection established.
INFO:root:Constructing parser
DEBUG:root:Constructing put subparser
DEBUG:root:Constructing Get subparser
INFO:root:Getting snippet for 'test2'
DEBUG:root:Snippet retrieved successfully.
DEBUG:root:Connecting to PostgreSQL
DEBUG:root:Database connection established.
INFO:root:Constructing parser
DEBUG:root:Constructing put subparser
DEBUG:root:Constructing Get subparser
INFO:root:Storing snippet 'test3': 'testing3'
DEBUG:root:Snippet stored successfully.
DEBUG:root:Connecting to PostgreSQL
DEBUG:root:Database connection established.
INFO:root:Constructing parser
DEBUG:root:Constructing put subparser
DEBUG:root:Constructing Get subparser
INFO:root:Getting snippet for 'test2'
DEBUG:root:Snippet retrieved successfully.
DEBUG:root:Connecting to PostgreSQL
DEBUG:root:Database connection established.
INFO:root:Constructing parser
DEBUG:root:Constructing put subparser
DEBUG:root:Constructing Get subparser
INFO:root:Getting snippet for 'test2'
DEBUG:root:Connecting to PostgreSQL
DEBUG:root:Database connection established.
INFO:root:Constructing parser
DEBUG:root:Constructing put subparser
DEBUG:root:Constructing Get subparser
INFO:root:Getting snippet for 'test2'
DEBUG:root:Snippet retrieved successfully.
DEBUG:root:Connecting to PostgreSQL
DEBUG:root:Database connection established.
INFO:root:Constructing parser
DEBUG:root:Constructing put subparser
DEBUG:root:Constructing Get subparser
INFO:root:Getting snippet for 'test2'
DEBUG:root:Snippet retrieved successfully.
DEBUG:root:Connecting to PostgreSQL
DEBUG:root:Database connection established.
INFO:root:Constructing parser
DEBUG:root:Constructing put subparser
DEBUG:root:Constructing Get subparser
INFO:root:Getting snippet for 'test2'
DEBUG:root:Snippet retrieved successfully.
DEBUG:root:Connecting to PostgreSQL
DEBUG:root:Database connection established.
INFO:root:Constructing parser
DEBUG:root:Constructing put subparser
DEBUG:root:Constructing Get subparser
INFO:root:Getting snippet for 'test2'
DEBUG:root:Snippet retrieved successfully.
DEBUG:root:Connecting to PostgreSQL
DEBUG:root:Database connection established.
INFO:root:Constructing parser
DEBUG:root:Constructing put subparser
DEBUG:root:Constructing Get subparser
INFO:root:Getting snippet for 'test2'
DEBUG:root:Snippet retrieved successfully.
DEBUG:root:Connecting to PostgreSQL
DEBUG:root:Database connection established.
INFO:root:Constructing parser
DEBUG:root:Constructing put subparser
DEBUG:root:Constructing Get subparser
INFO:root:Getting snippet for 'test2'
DEBUG:root:Snippet retrieved successfully.
DEBUG:root:Connecting to PostgreSQL
DEBUG:root:Database connection established.
INFO:root:Constructing parser
DEBUG:root:Constructing put subparser
DEBUG:root:Constructing Get subparser
INFO:root:Getting snippet for 'test2'
DEBUG:root:Snippet retrieved successfully.
DEBUG:root:Connecting to PostgreSQL
DEBUG:root:Database connection established.
INFO:root:Constructing parser
DEBUG:root:Constructing put subparser
DEBUG:root:Constructing Get subparser
INFO:root:Getting snippet for 'test2'
DEBUG:root:Connecting to PostgreSQL
DEBUG:root:Database connection established.
INFO:root:Constructing parser
DEBUG:root:Constructing put subparser
DEBUG:root:Constructing Get subparser
INFO:root:Getting snippet for 'test2'
DEBUG:root:Connecting to PostgreSQL
DEBUG:root:Database connection established.
INFO:root:Constructing parser
DEBUG:root:Constructing put subparser
DEBUG:root:Constructing Get subparser
INFO:root:Getting snippet for 'test2'
DEBUG:root:Connecting to PostgreSQL
DEBUG:root:Database connection established.
INFO:root:Constructing parser
DEBUG:root:Constructing put subparser
DEBUG:root:Constructing Get subparser
INFO:root:Getting snippet for 'test2'
DEBUG:root:Connecting to PostgreSQL
DEBUG:root:Database connection established.
INFO:root:Constructing parser
DEBUG:root:Constructing put subparser
DEBUG:root:Constructing Get subparser
INFO:root:Storing snippet 'test4': 'testing4'
DEBUG:root:Snippet stored successfully.
DEBUG:root:Connecting to PostgreSQL
DEBUG:root:Database connection established.
INFO:root:Constructing parser
DEBUG:root:Constructing put subparser
DEBUG:root:Constructing Get subparser
INFO:root:Storing snippet 'test4': 'testing4'
DEBUG:root:Snippet stored successfully.
DEBUG:root:Connecting to PostgreSQL
DEBUG:root:Database connection established.
INFO:root:Constructing parser
DEBUG:root:Constructing put subparser
DEBUG:root:Constructing Get subparser
INFO:root:Storing snippet 'test4': 'testing4'
DEBUG:root:Snippet stored successfully.
DEBUG:root:Connecting to PostgreSQL
DEBUG:root:Database connection established.
INFO:root:Constructing parser
DEBUG:root:Constructing put subparser
DEBUG:root:Constructing Get subparser
INFO:root:Getting snippet for 'test4'
DEBUG:root:Snippet retrieved successfully.
DEBUG:root:Connecting to PostgreSQL
DEBUG:root:Database connection established.
INFO:root:Constructing parser
DEBUG:root:Constructing put subparser
DEBUG:root:Constructing Get subparser
INFO:root:Getting snippet for 'test3'
DEBUG:root:Connecting to PostgreSQL
DEBUG:root:Database connection established.
INFO:root:Constructing parser
DEBUG:root:Constructing put subparser
DEBUG:root:Constructing Get subparser
INFO:root:Getting snippet for 'test2'
DEBUG:root:Connecting to PostgreSQL
DEBUG:root:Database connection established.
INFO:root:Constructing parser
DEBUG:root:Constructing put subparser
DEBUG:root:Constructing Get subparser
INFO:root:Getting snippet for 'test'
DEBUG:root:Snippet retrieved successfully.
DEBUG:root:Connecting to PostgreSQL
DEBUG:root:Database connection established.
INFO:root:Constructing parser
DEBUG:root:Constructing put subparser
DEBUG:root:Constructing Get subparser
INFO:root:Getting snippet for 'test'
DEBUG:root:Connecting to PostgreSQL
DEBUG:root:Database connection established.
INFO:root:Constructing parser
DEBUG:root:Constructing put subparser
DEBUG:root:Constructing Get subparser
INFO:root:Getting snippet for 'test2'
DEBUG:root:Snippet retrieved successfully.
DEBUG:root:Connecting to PostgreSQL
DEBUG:root:Database connection established.
INFO:root:Constructing parser
DEBUG:root:Constructing put subparser
DEBUG:root:Constructing Get subparser
INFO:root:Getting snippet for 'number1son'
DEBUG:root:Snippet retrieved successfully.
DEBUG:root:Connecting to PostgreSQL
DEBUG:root:Database connection established.
INFO:root:Constructing parser
DEBUG:root:Constructing put subparser
DEBUG:root:Constructing Get subparser
INFO:root:Getting snippet for 'dddd'
DEBUG:root:Connecting to PostgreSQL
DEBUG:root:Database connection established.
INFO:root:Constructing parser
DEBUG:root:Constructing put subparser
DEBUG:root:Constructing Get subparser
INFO:root:Storing snippet 'test4': 'testing4'
DEBUG:root:Snippet stored successfully.
DEBUG:root:Connecting to PostgreSQL
DEBUG:root:Database connection established.
INFO:root:Constructing parser
DEBUG:root:Constructing put subparser
DEBUG:root:Constructing Get subparser
INFO:root:Storing snippet 'test4': 'testing4'
DEBUG:root:Snippet stored successfully.
DEBUG:root:Connecting to PostgreSQL
DEBUG:root:Database connection established.
INFO:root:Constructing parser
DEBUG:root:Constructing put subparser
DEBUG:root:Constructing Get subparser
INFO:root:Storing snippet 'test5': 'testing5'
DEBUG:root:Snippet stored successfully.
DEBUG:root:Connecting to PostgreSQL
DEBUG:root:Database connection established.
INFO:root:Constructing parser
DEBUG:root:Constructing put subparser
DEBUG:root:Constructing Get subparser
INFO:root:Storing snippet 'test5': 'testing5'
DEBUG:root:Snippet stored successfully.
DEBUG:root:Connecting to PostgreSQL
DEBUG:root:Database connection established.
INFO:root:Constructing parser
DEBUG:root:Constructing put subparser
DEBUG:root:Constructing Get subparser
INFO:root:Storing snippet 'test5': 'testing5'
DEBUG:root:Snippet stored successfully.
DEBUG:root:Connecting to PostgreSQL
DEBUG:root:Database connection established.
INFO:root:Constructing parser
DEBUG:root:Constructing put subparser
DEBUG:root:Constructing Get subparser
INFO:root:Storing snippet 'test5': 'testing5'
DEBUG:root:Snippet stored successfully.
DEBUG:root:Connecting to PostgreSQL
DEBUG:root:Database connection established.
INFO:root:Constructing parser
DEBUG:root:Constructing put subparser
DEBUG:root:Constructing Get subparser
INFO:root:Storing snippet 'test5': 'testing5'
DEBUG:root:Snippet stored successfully.
DEBUG:root:Connecting to PostgreSQL
DEBUG:root:Database connection established.
INFO:root:Constructing parser
DEBUG:root:Constructing put subparser
DEBUG:root:Constructing Get subparser
INFO:root:Storing snippet 'test4': 'testing4'
DEBUG:root:Snippet stored successfully.
DEBUG:root:Connecting to PostgreSQL
DEBUG:root:Database connection established.
INFO:root:Constructing parser
DEBUG:root:Constructing put subparser
DEBUG:root:Constructing Get subparser
INFO:root:Storing snippet 'test4': 'testing4'
DEBUG:root:Snippet stored successfully.
DEBUG:root:Connecting to PostgreSQL
DEBUG:root:Database connection established.
INFO:root:Constructing parser
DEBUG:root:Constructing put subparser
DEBUG:root:Constructing Get subparser
INFO:root:Storing snippet 'test4': 'testing4'
DEBUG:root:Snippet stored successfully.
DEBUG:root:Connecting to PostgreSQL
DEBUG:root:Database connection established.
INFO:root:Constructing parser
DEBUG:root:Constructing put subparser
DEBUG:root:Constructing Get subparser
INFO:root:Storing snippet 'test8': 'testing8'
DEBUG:root:Snippet stored successfully.
DEBUG:root:Connecting to PostgreSQL
DEBUG:root:Database connection established.
INFO:root:Constructing parser
DEBUG:root:Constructing put subparser
DEBUG:root:Constructing Get subparser
INFO:root:Getting snippet for 'test8'
DEBUG:root:Snippet retrieved successfully.
DEBUG:root:Connecting to PostgreSQL
DEBUG:root:Database connection established.
INFO:root:Constructing parser
DEBUG:root:Constructing put subparser
DEBUG:root:Constructing Get subparser
INFO:root:Storing snippet 'test9': 'testing9'
DEBUG:root:Snippet stored successfully.
DEBUG:root:Connecting to PostgreSQL
DEBUG:root:Database connection established.
INFO:root:Constructing parser
DEBUG:root:Constructing put subparser
DEBUG:root:Constructing Get subparser
INFO:root:Getting snippet for 'test9'
DEBUG:root:Snippet retrieved successfully.
DEBUG:root:Connecting to PostgreSQL
DEBUG:root:Database connection established.
INFO:root:Constructing parser
DEBUG:root:Constructing put subparser
DEBUG:root:Constructing Get subparser
INFO:root:Storing snippet 'test99': 'testing99'
DEBUG:root:Snippet stored successfully.
DEBUG:root:Connecting to PostgreSQL
DEBUG:root:Database connection established.
INFO:root:Constructing parser
DEBUG:root:Constructing put subparser
DEBUG:root:Constructing Get subparser
INFO:root:Getting snippet for 'test99'
DEBUG:root:Snippet retrieved successfully.
DEBUG:root:Connecting to PostgreSQL
DEBUG:root:Database connection established.
INFO:root:Constructing parser
DEBUG:root:Constructing put subparser
DEBUG:root:Constructing Get subparser
INFO:root:Getting snippet for 'test99'
DEBUG:root:Snippet retrieved successfully.
DEBUG:root:Connecting to PostgreSQL
DEBUG:root:Database connection established.
INFO:root:Constructing parser
DEBUG:root:Constructing put subparser
DEBUG:root:Constructing Get subparser
INFO:root:Storing snippet 'test7': 'testing7'
DEBUG:root:Snippet stored successfully.
DEBUG:root:Connecting to PostgreSQL
DEBUG:root:Database connection established.
INFO:root:Constructing parser
DEBUG:root:Constructing put subparser
DEBUG:root:Constructing Get subparser
INFO:root:Getting snippet for 'test7'
DEBUG:root:Snippet retrieved successfully.
DEBUG:root:Connecting to PostgreSQL
DEBUG:root:Database connection established.
INFO:root:Constructing parser
DEBUG:root:Constructing put subparser
DEBUG:root:Constructing Get subparser
INFO:root:Storing snippet 'test100': 'testing100'
DEBUG:root:Snippet stored successfully.
DEBUG:root:Connecting to PostgreSQL
DEBUG:root:Database connection established.
INFO:root:Constructing parser
DEBUG:root:Constructing put subparser
DEBUG:root:Constructing Get subparser
INFO:root:Storing snippet 'test20': 'testing20'
DEBUG:root:Snippet stored successfully.
